<?xml version="1.0" encoding="UTF-8"?>
<!-- Generated by org.testng.reporters.JUnitReportReporter -->
<testsuite hostname="INIDC-SHAIKM7" failures="0" tests="3" name="mansoorshaikh.com.WeatherInfoTest" time="95.262" errors="0" timestamp="22 Apr 2021 11:13:21 GMT" skipped="0">
  <testcase classname="mansoorshaikh.com.WeatherInfoTest" name="validateCityPin" time="31.863"/>
  <testcase classname="mansoorshaikh.com.WeatherInfoTest" name="validateCityOnMap" time="30.718"/>
  <testcase classname="mansoorshaikh.com.WeatherInfoTest" name="compareWeatherInfo" time="32.681"/>
</testsuite> <!-- mansoorshaikh.com.WeatherInfoTest -->
