<?xml version="1.0" encoding="UTF-8"?>
<!-- Generated by org.testng.reporters.JUnitReportReporter -->
<testsuite hostname="INIDC-SHAIKM7" failures="0" tests="3" name="mansoorshaikh.com.WeatherInfoTest" time="117.466" errors="0" timestamp="21 Apr 2021 16:33:55 GMT" skipped="0">
  <testcase classname="mansoorshaikh.com.WeatherInfoTest" name="validateCityPin" time="46.299"/>
  <testcase classname="mansoorshaikh.com.WeatherInfoTest" name="validateCityOnMap" time="33.899"/>
  <testcase classname="mansoorshaikh.com.WeatherInfoTest" name="compareWeatherInfo" time="37.268"/>
</testsuite> <!-- mansoorshaikh.com.WeatherInfoTest -->
